<?xml version="1.0" encoding="UTF-8" ?>
<testsuite errors="5" failures="0" hostname="yxg-PC" name="cn.buding.main.main" skipped="0" tests="83" time="4624.182" timestamp="2015-06-11T08:16:59">
  <properties>
[...]
</properties>
  <testcase classname="cn.buding.main.main" name="test001entryHome" time="15.706" />
  <testcase classname="cn.buding.main.main" name="test002loginPlease" time="1.076" />
  <testcase classname="cn.buding.main.main" name="test003loginO" time="47.356" />
  <testcase classname="cn.buding.main.main" name="test004refresh" time="67.462" />
  <testcase classname="cn.buding.main.main" name="test005weather" time="4.695" />
  <testcase classname="cn.buding.main.main" name="test006vehicleViolation" time="31.617" />
  <testcase classname="cn.buding.main.main" name="test007onroadStatus" time="125.613">
    <error message="An element could not be located on the page using the given search parameters. (WARNING: The server did not provide any stacktrace information)&#xa;Command duration or timeout: 60.23 seconds&#xa;For documentation on this error, please visit: http://seleniumhq.org/exceptions/no_such_element.html&#xa;Build info: version: &apos;2.44.0&apos;, revision: &apos;76d78cf&apos;, time: &apos;2014-10-23 20:02:37&apos;&#xa;System info: host: &apos;yxg-PC&apos;, ip: &apos;10.18.99.143&apos;, os.name: &apos;Windows 7&apos;, os.arch: &apos;x86&apos;, os.version: &apos;6.1&apos;, java.version: &apos;1.7.0_45&apos;&#xa;Session ID: 9ea2c462-f455-43a3-8567-5c3b3d261ea8&#xa;Driver info: io.appium.java_client.android.AndroidDriver&#xa;Capabilities [{platform=LINUX, app=D:\weiche\appiumweiche\apps\weiche\weiche381.apk, javascriptEnabled=true, appActivity=.activity.SplashActivity, browserName=Android, networkConnectionEnabled=true, desired={newCommandTimeout=180, app=D:\weiche\appiumweiche\apps\weiche\weiche381.apk, deviceName=xiaomi2s, platformName=Android, appActivity=.activity.SplashActivity, ignoreUnimportantViews=true, unicodeKeyboard=true, resetKeyboard=true, appPackage=cn.buding.martin}, locationContextEnabled=false, appPackage=cn.buding.martin, newCommandTimeout=180, platformVersion=4.4.4, databaseEnabled=false, deviceName=945fd71, platformName=Android, ignoreUnimportantViews=true, webStorageEnabled=false, unicodeKeyboard=true, resetKeyboard=true, warnings={}, takesScreenshot=true}]" type="org.openqa.selenium.NoSuchElementException">org.openqa.selenium.NoSuchElementException: An element could not be located on the page using the given search parameters. (WARNING: The server did not provide any stacktrace information)
Command duration or timeout: 60.23 seconds
For documentation on this error, please visit: http://seleniumhq.org/exceptions/no_such_element.html
Build info: version: &apos;2.44.0&apos;, revision: &apos;76d78cf&apos;, time: &apos;2014-10-23 20:02:37&apos;
System info: host: &apos;yxg-PC&apos;, ip: &apos;10.18.99.143&apos;, os.name: &apos;Windows 7&apos;, os.arch: &apos;x86&apos;, os.version: &apos;6.1&apos;, java.version: &apos;1.7.0_45&apos;
Session ID: 9ea2c462-f455-43a3-8567-5c3b3d261ea8
Driver info: io.appium.java_client.android.AndroidDriver
Capabilities [{platform=LINUX, app=D:\weiche\appiumweiche\apps\weiche\weiche381.apk, javascriptEnabled=true, appActivity=.activity.SplashActivity, browserName=Android, networkConnectionEnabled=true, desired={newCommandTimeout=180, app=D:\weiche\appiumweiche\apps\weiche\weiche381.apk, deviceName=xiaomi2s, platformName=Android, appActivity=.activity.SplashActivity, ignoreUnimportantViews=true, unicodeKeyboard=true, resetKeyboard=true, appPackage=cn.buding.martin}, locationContextEnabled=false, appPackage=cn.buding.martin, newCommandTimeout=180, platformVersion=4.4.4, databaseEnabled=false, deviceName=945fd71, platformName=Android, ignoreUnimportantViews=true, webStorageEnabled=false, unicodeKeyboard=true, resetKeyboard=true, warnings={}, takesScreenshot=true}]
	at java.lang.reflect.Constructor.newInstance(Constructor.java:526)
	at org.openqa.selenium.remote.ErrorHandler.createThrowable(ErrorHandler.java:204)
	at org.openqa.selenium.remote.ErrorHandler.throwIfResponseFailed(ErrorHandler.java:156)
	at org.openqa.selenium.remote.RemoteWebDriver.execute(RemoteWebDriver.java:599)
	at io.appium.java_client.AppiumDriver.execute(AppiumDriver.java:180)
	at org.openqa.selenium.remote.RemoteWebDriver.findElement(RemoteWebDriver.java:352)
	at org.openqa.selenium.remote.RemoteWebDriver.findElementById(RemoteWebDriver.java:393)
	at org.openqa.selenium.By$ById.findElement(By.java:214)
	at org.openqa.selenium.remote.RemoteWebDriver.findElement(RemoteWebDriver.java:344)
	at cn.buding.lib.Action.click(Unknown Source)
	at cn.buding.pages.HomePage.openOnroad(Unknown Source)
	at cn.buding.main.main.test007onroadStatus(Unknown Source)
</error>
  </testcase>
  <testcase classname="cn.buding.main.main" name="test009addRightCar" time="72.368" />
  <testcase classname="cn.buding.main.main" name="test010editVehicle" time="113.737" />
  <testcase classname="cn.buding.main.main" name="test011addVehicleType" time="73.06" />
  <testcase classname="cn.buding.main.main" name="test012help" time="4.672" />
  <testcase classname="cn.buding.main.main" name="test013searchCity" time="25.892" />
  <testcase classname="cn.buding.main.main" name="test014searchToCity" time="33.534" />
  <testcase classname="cn.buding.main.main" name="test015entryPhoneAccount" time="37.054" />
  <testcase classname="cn.buding.main.main" name="test016entryBindingAccount" time="36.621" />
  <testcase classname="cn.buding.main.main" name="test019entryLife" time="18.658" />
  <testcase classname="cn.buding.main.main" name="test021tietiaoMap" time="15.582" />
  <testcase classname="cn.buding.main.main" name="test022exchangeAccount" time="79.764" />
  <testcase classname="cn.buding.main.main" name="test023citySwitch" time="25.174" />
  <testcase classname="cn.buding.main.main" name="test024aboutUs" time="19.339" />
  <testcase classname="cn.buding.main.main" name="test025onroadInform" time="146.07" />
  <testcase classname="cn.buding.main.main" name="test026feedback" time="35.423" />
  <testcase classname="cn.buding.main.main" name="test027violationDetail" time="97.386" />
  <testcase classname="cn.buding.main.main" name="test028violationPay" time="57.22" />
  <testcase classname="cn.buding.main.main" name="test029cityNosupport" time="62.342" />
  <testcase classname="cn.buding.main.main" name="test030lifeChannelPay" time="15.107" />
  <testcase classname="cn.buding.main.main" name="test031lifeChannelPay1" time="87.06" />
  <testcase classname="cn.buding.main.main" name="test032lifeChannelPay2" time="60.203" />
  <testcase classname="cn.buding.main.main" name="test033autoPhoneInput" time="59.179" />
  <testcase classname="cn.buding.main.main" name="test035seviceProtocol" time="62.901" />
  <testcase classname="cn.buding.main.main" name="test037payExplanation" time="69.546" />
  <testcase classname="cn.buding.main.main" name="test038receiptPrivate" time="99.365" />
  <testcase classname="cn.buding.main.main" name="test039receiptEnterprise" time="96.311" />
  <testcase classname="cn.buding.main.main" name="test040receiptChange" time="118.341" />
  <testcase classname="cn.buding.main.main" name="test041receiptNotSave" time="82.482" />
  <testcase classname="cn.buding.main.main" name="test042receiptSave" time="94.398" />
  <testcase classname="cn.buding.main.main" name="test044swipDownviolist" time="48.363" />
  <testcase classname="cn.buding.main.main" name="test045stopRefresh" time="53.715" />
  <testcase classname="cn.buding.main.main" name="test046coverInstall" time="73.051" />
  <testcase classname="cn.buding.main.main" name="test047coverInstallUnLogin" time="94.001" />
  <testcase classname="cn.buding.main.main" name="test048coverInstallNoVehicle" time="93.554" />
  <testcase classname="cn.buding.main.main" name="test049coverInstallNoVehicleLogin" time="128.924" />
  <testcase classname="cn.buding.main.main" name="test050addCarClock" time="12.867" />
  <testcase classname="cn.buding.main.main" name="test051editCarClock" time="78.235" />
  <testcase classname="cn.buding.main.main" name="test052clickBlacktoCancel" time="4.39" />
  <testcase classname="cn.buding.main.main" name="test053setClockSuccess" time="18.312" />
  <testcase classname="cn.buding.main.main" name="test054resetClock" time="29.433" />
  <testcase classname="cn.buding.main.main" name="test055notFirst" time="3.689" />
  <testcase classname="cn.buding.main.main" name="test056notFirstEdit" time="12.343" />
  <testcase classname="cn.buding.main.main" name="test057firstNoEdit" time="76.954" />
  <testcase classname="cn.buding.main.main" name="test058firstEdit" time="82.658" />
  <testcase classname="cn.buding.main.main" name="test059firstNoEditSet" time="75.79" />
  <testcase classname="cn.buding.main.main" name="test060firstEditSet" time="78.691" />
  <testcase classname="cn.buding.main.main" name="test061uninstallOnroad" time="76.687" />
  <testcase classname="cn.buding.main.main" name="test062coverinstallOnroad" time="80.451" />
  <testcase classname="cn.buding.main.main" name="test063pageSwicthTietiao" time="19.294" />
  <testcase classname="cn.buding.main.main" name="test064drivingRecord" time="27.286" />
  <testcase classname="cn.buding.main.main" name="test065articleList" time="12.538" />
  <testcase classname="cn.buding.main.main" name="test066saveList" time="15.845" />
  <testcase classname="cn.buding.main.main" name="test067saveList" time="43.308" />
  <testcase classname="cn.buding.main.main" name="test068saveList" time="16.502" />
  <testcase classname="cn.buding.main.main" name="test069saveList" time="48.46" />
  <testcase classname="cn.buding.main.main" name="test070articleDetail" time="20.752" />
  <testcase classname="cn.buding.main.main" name="test071saveAnArticle" time="65.446" />
  <testcase classname="cn.buding.main.main" name="test072saveAnArticle" time="22.298" />
  <testcase classname="cn.buding.main.main" name="test073saveArticle" time="96.977" />
  <testcase classname="cn.buding.main.main" name="test074commentsCache" time="31.665" />
  <testcase classname="cn.buding.main.main" name="test075commentsCache" time="48.337" />
  <testcase classname="cn.buding.main.main" name="test076wordsExceed" time="37.211" />
  <testcase classname="cn.buding.main.main" name="test077submitComments" time="56.027" />
  <testcase classname="cn.buding.main.main" name="test078submitAnonymous" time="49.482" />
  <testcase classname="cn.buding.main.main" name="test079commentsPage" time="39.335" />
  <testcase classname="cn.buding.main.main" name="test080articleShare" time="136.454">
    <error message="An element could not be located on the page using the given search parameters. (WARNING: The server did not provide any stacktrace information)&#xa;Command duration or timeout: 60.71 seconds&#xa;For documentation on this error, please visit: http://seleniumhq.org/exceptions/no_such_element.html&#xa;Build info: version: &apos;2.44.0&apos;, revision: &apos;76d78cf&apos;, time: &apos;2014-10-23 20:02:37&apos;&#xa;System info: host: &apos;yxg-PC&apos;, ip: &apos;10.18.99.143&apos;, os.name: &apos;Windows 7&apos;, os.arch: &apos;x86&apos;, os.version: &apos;6.1&apos;, java.version: &apos;1.7.0_45&apos;&#xa;Session ID: 9ea2c462-f455-43a3-8567-5c3b3d261ea8&#xa;Driver info: io.appium.java_client.android.AndroidDriver&#xa;Capabilities [{platform=LINUX, app=D:\weiche\appiumweiche\apps\weiche\weiche381.apk, javascriptEnabled=true, appActivity=.activity.SplashActivity, browserName=Android, networkConnectionEnabled=true, desired={newCommandTimeout=180, app=D:\weiche\appiumweiche\apps\weiche\weiche381.apk, deviceName=xiaomi2s, platformName=Android, appActivity=.activity.SplashActivity, ignoreUnimportantViews=true, unicodeKeyboard=true, resetKeyboard=true, appPackage=cn.buding.martin}, locationContextEnabled=false, appPackage=cn.buding.martin, newCommandTimeout=180, platformVersion=4.4.4, databaseEnabled=false, deviceName=945fd71, platformName=Android, ignoreUnimportantViews=true, webStorageEnabled=false, unicodeKeyboard=true, resetKeyboard=true, warnings={}, takesScreenshot=true}]" type="org.openqa.selenium.NoSuchElementException">org.openqa.selenium.NoSuchElementException: An element could not be located on the page using the given search parameters. (WARNING: The server did not provide any stacktrace information)
Command duration or timeout: 60.71 seconds
For documentation on this error, please visit: http://seleniumhq.org/exceptions/no_such_element.html
Build info: version: &apos;2.44.0&apos;, revision: &apos;76d78cf&apos;, time: &apos;2014-10-23 20:02:37&apos;
System info: host: &apos;yxg-PC&apos;, ip: &apos;10.18.99.143&apos;, os.name: &apos;Windows 7&apos;, os.arch: &apos;x86&apos;, os.version: &apos;6.1&apos;, java.version: &apos;1.7.0_45&apos;
Session ID: 9ea2c462-f455-43a3-8567-5c3b3d261ea8
Driver info: io.appium.java_client.android.AndroidDriver
Capabilities [{platform=LINUX, app=D:\weiche\appiumweiche\apps\weiche\weiche381.apk, javascriptEnabled=true, appActivity=.activity.SplashActivity, browserName=Android, networkConnectionEnabled=true, desired={newCommandTimeout=180, app=D:\weiche\appiumweiche\apps\weiche\weiche381.apk, deviceName=xiaomi2s, platformName=Android, appActivity=.activity.SplashActivity, ignoreUnimportantViews=true, unicodeKeyboard=true, resetKeyboard=true, appPackage=cn.buding.martin}, locationContextEnabled=false, appPackage=cn.buding.martin, newCommandTimeout=180, platformVersion=4.4.4, databaseEnabled=false, deviceName=945fd71, platformName=Android, ignoreUnimportantViews=true, webStorageEnabled=false, unicodeKeyboard=true, resetKeyboard=true, warnings={}, takesScreenshot=true}]
	at java.lang.reflect.Constructor.newInstance(Constructor.java:526)
	at org.openqa.selenium.remote.ErrorHandler.createThrowable(ErrorHandler.java:204)
	at org.openqa.selenium.remote.ErrorHandler.throwIfResponseFailed(ErrorHandler.java:156)
	at org.openqa.selenium.remote.RemoteWebDriver.execute(RemoteWebDriver.java:599)
	at io.appium.java_client.AppiumDriver.execute(AppiumDriver.java:180)
	at org.openqa.selenium.remote.RemoteWebDriver.findElement(RemoteWebDriver.java:352)
	at org.openqa.selenium.remote.RemoteWebDriver.findElementById(RemoteWebDriver.java:393)
	at org.openqa.selenium.By$ById.findElement(By.java:214)
	at org.openqa.selenium.remote.RemoteWebDriver.findElement(RemoteWebDriver.java:344)
	at cn.buding.lib.Action.click(Unknown Source)
	at cn.buding.main.main.test080articleShare(Unknown Source)
</error>
  </testcase>
  <testcase classname="cn.buding.main.main" name="test081articleShareSucc" time="134.884">
    <error message="An element could not be located on the page using the given search parameters. (WARNING: The server did not provide any stacktrace information)&#xa;Command duration or timeout: 60.33 seconds&#xa;For documentation on this error, please visit: http://seleniumhq.org/exceptions/no_such_element.html&#xa;Build info: version: &apos;2.44.0&apos;, revision: &apos;76d78cf&apos;, time: &apos;2014-10-23 20:02:37&apos;&#xa;System info: host: &apos;yxg-PC&apos;, ip: &apos;10.18.99.143&apos;, os.name: &apos;Windows 7&apos;, os.arch: &apos;x86&apos;, os.version: &apos;6.1&apos;, java.version: &apos;1.7.0_45&apos;&#xa;Session ID: 9ea2c462-f455-43a3-8567-5c3b3d261ea8&#xa;Driver info: io.appium.java_client.android.AndroidDriver&#xa;Capabilities [{platform=LINUX, app=D:\weiche\appiumweiche\apps\weiche\weiche381.apk, javascriptEnabled=true, appActivity=.activity.SplashActivity, browserName=Android, networkConnectionEnabled=true, desired={newCommandTimeout=180, app=D:\weiche\appiumweiche\apps\weiche\weiche381.apk, deviceName=xiaomi2s, platformName=Android, appActivity=.activity.SplashActivity, ignoreUnimportantViews=true, unicodeKeyboard=true, resetKeyboard=true, appPackage=cn.buding.martin}, locationContextEnabled=false, appPackage=cn.buding.martin, newCommandTimeout=180, platformVersion=4.4.4, databaseEnabled=false, deviceName=945fd71, platformName=Android, ignoreUnimportantViews=true, webStorageEnabled=false, unicodeKeyboard=true, resetKeyboard=true, warnings={}, takesScreenshot=true}]" type="org.openqa.selenium.NoSuchElementException">org.openqa.selenium.NoSuchElementException: An element could not be located on the page using the given search parameters. (WARNING: The server did not provide any stacktrace information)
Command duration or timeout: 60.33 seconds
For documentation on this error, please visit: http://seleniumhq.org/exceptions/no_such_element.html
Build info: version: &apos;2.44.0&apos;, revision: &apos;76d78cf&apos;, time: &apos;2014-10-23 20:02:37&apos;
System info: host: &apos;yxg-PC&apos;, ip: &apos;10.18.99.143&apos;, os.name: &apos;Windows 7&apos;, os.arch: &apos;x86&apos;, os.version: &apos;6.1&apos;, java.version: &apos;1.7.0_45&apos;
Session ID: 9ea2c462-f455-43a3-8567-5c3b3d261ea8
Driver info: io.appium.java_client.android.AndroidDriver
Capabilities [{platform=LINUX, app=D:\weiche\appiumweiche\apps\weiche\weiche381.apk, javascriptEnabled=true, appActivity=.activity.SplashActivity, browserName=Android, networkConnectionEnabled=true, desired={newCommandTimeout=180, app=D:\weiche\appiumweiche\apps\weiche\weiche381.apk, deviceName=xiaomi2s, platformName=Android, appActivity=.activity.SplashActivity, ignoreUnimportantViews=true, unicodeKeyboard=true, resetKeyboard=true, appPackage=cn.buding.martin}, locationContextEnabled=false, appPackage=cn.buding.martin, newCommandTimeout=180, platformVersion=4.4.4, databaseEnabled=false, deviceName=945fd71, platformName=Android, ignoreUnimportantViews=true, webStorageEnabled=false, unicodeKeyboard=true, resetKeyboard=true, warnings={}, takesScreenshot=true}]
	at java.lang.reflect.Constructor.newInstance(Constructor.java:526)
	at org.openqa.selenium.remote.ErrorHandler.createThrowable(ErrorHandler.java:204)
	at org.openqa.selenium.remote.ErrorHandler.throwIfResponseFailed(ErrorHandler.java:156)
	at org.openqa.selenium.remote.RemoteWebDriver.execute(RemoteWebDriver.java:599)
	at io.appium.java_client.AppiumDriver.execute(AppiumDriver.java:180)
	at org.openqa.selenium.remote.RemoteWebDriver.findElement(RemoteWebDriver.java:352)
	at org.openqa.selenium.remote.RemoteWebDriver.findElementById(RemoteWebDriver.java:393)
	at org.openqa.selenium.By$ById.findElement(By.java:214)
	at org.openqa.selenium.remote.RemoteWebDriver.findElement(RemoteWebDriver.java:344)
	at cn.buding.lib.Action.click(Unknown Source)
	at cn.buding.main.main.test081articleShareSucc(Unknown Source)
</error>
  </testcase>
  <testcase classname="cn.buding.main.main" name="test082shake" time="22.392" />
  <testcase classname="cn.buding.main.main" name="test083settingpageShare" time="132.183">
    <error message="An element could not be located on the page using the given search parameters. (WARNING: The server did not provide any stacktrace information)&#xa;Command duration or timeout: 60.21 seconds&#xa;For documentation on this error, please visit: http://seleniumhq.org/exceptions/no_such_element.html&#xa;Build info: version: &apos;2.44.0&apos;, revision: &apos;76d78cf&apos;, time: &apos;2014-10-23 20:02:37&apos;&#xa;System info: host: &apos;yxg-PC&apos;, ip: &apos;10.18.99.143&apos;, os.name: &apos;Windows 7&apos;, os.arch: &apos;x86&apos;, os.version: &apos;6.1&apos;, java.version: &apos;1.7.0_45&apos;&#xa;Session ID: 9ea2c462-f455-43a3-8567-5c3b3d261ea8&#xa;Driver info: io.appium.java_client.android.AndroidDriver&#xa;Capabilities [{platform=LINUX, app=D:\weiche\appiumweiche\apps\weiche\weiche381.apk, javascriptEnabled=true, appActivity=.activity.SplashActivity, browserName=Android, networkConnectionEnabled=true, desired={newCommandTimeout=180, app=D:\weiche\appiumweiche\apps\weiche\weiche381.apk, deviceName=xiaomi2s, platformName=Android, appActivity=.activity.SplashActivity, ignoreUnimportantViews=true, unicodeKeyboard=true, resetKeyboard=true, appPackage=cn.buding.martin}, locationContextEnabled=false, appPackage=cn.buding.martin, newCommandTimeout=180, platformVersion=4.4.4, databaseEnabled=false, deviceName=945fd71, platformName=Android, ignoreUnimportantViews=true, webStorageEnabled=false, unicodeKeyboard=true, resetKeyboard=true, warnings={}, takesScreenshot=true}]" type="org.openqa.selenium.NoSuchElementException">org.openqa.selenium.NoSuchElementException: An element could not be located on the page using the given search parameters. (WARNING: The server did not provide any stacktrace information)
Command duration or timeout: 60.21 seconds
For documentation on this error, please visit: http://seleniumhq.org/exceptions/no_such_element.html
Build info: version: &apos;2.44.0&apos;, revision: &apos;76d78cf&apos;, time: &apos;2014-10-23 20:02:37&apos;
System info: host: &apos;yxg-PC&apos;, ip: &apos;10.18.99.143&apos;, os.name: &apos;Windows 7&apos;, os.arch: &apos;x86&apos;, os.version: &apos;6.1&apos;, java.version: &apos;1.7.0_45&apos;
Session ID: 9ea2c462-f455-43a3-8567-5c3b3d261ea8
Driver info: io.appium.java_client.android.AndroidDriver
Capabilities [{platform=LINUX, app=D:\weiche\appiumweiche\apps\weiche\weiche381.apk, javascriptEnabled=true, appActivity=.activity.SplashActivity, browserName=Android, networkConnectionEnabled=true, desired={newCommandTimeout=180, app=D:\weiche\appiumweiche\apps\weiche\weiche381.apk, deviceName=xiaomi2s, platformName=Android, appActivity=.activity.SplashActivity, ignoreUnimportantViews=true, unicodeKeyboard=true, resetKeyboard=true, appPackage=cn.buding.martin}, locationContextEnabled=false, appPackage=cn.buding.martin, newCommandTimeout=180, platformVersion=4.4.4, databaseEnabled=false, deviceName=945fd71, platformName=Android, ignoreUnimportantViews=true, webStorageEnabled=false, unicodeKeyboard=true, resetKeyboard=true, warnings={}, takesScreenshot=true}]
	at java.lang.reflect.Constructor.newInstance(Constructor.java:526)
	at org.openqa.selenium.remote.ErrorHandler.createThrowable(ErrorHandler.java:204)
	at org.openqa.selenium.remote.ErrorHandler.throwIfResponseFailed(ErrorHandler.java:156)
	at org.openqa.selenium.remote.RemoteWebDriver.execute(RemoteWebDriver.java:599)
	at io.appium.java_client.AppiumDriver.execute(AppiumDriver.java:180)
	at org.openqa.selenium.remote.RemoteWebDriver.findElement(RemoteWebDriver.java:352)
	at org.openqa.selenium.remote.RemoteWebDriver.findElementById(RemoteWebDriver.java:393)
	at org.openqa.selenium.By$ById.findElement(By.java:214)
	at org.openqa.selenium.remote.RemoteWebDriver.findElement(RemoteWebDriver.java:344)
	at cn.buding.lib.Action.click(Unknown Source)
	at cn.buding.main.main.test083settingpageShare(Unknown Source)
</error>
  </testcase>
  <testcase classname="cn.buding.main.main" name="test084settingpageShare" time="224.836">
    <error message="An element could not be located on the page using the given search parameters. (WARNING: The server did not provide any stacktrace information)&#xa;Command duration or timeout: 60.05 seconds&#xa;For documentation on this error, please visit: http://seleniumhq.org/exceptions/no_such_element.html&#xa;Build info: version: &apos;2.44.0&apos;, revision: &apos;76d78cf&apos;, time: &apos;2014-10-23 20:02:37&apos;&#xa;System info: host: &apos;yxg-PC&apos;, ip: &apos;10.18.99.143&apos;, os.name: &apos;Windows 7&apos;, os.arch: &apos;x86&apos;, os.version: &apos;6.1&apos;, java.version: &apos;1.7.0_45&apos;&#xa;Session ID: 9ea2c462-f455-43a3-8567-5c3b3d261ea8&#xa;Driver info: io.appium.java_client.android.AndroidDriver&#xa;Capabilities [{platform=LINUX, app=D:\weiche\appiumweiche\apps\weiche\weiche381.apk, javascriptEnabled=true, appActivity=.activity.SplashActivity, browserName=Android, networkConnectionEnabled=true, desired={newCommandTimeout=180, app=D:\weiche\appiumweiche\apps\weiche\weiche381.apk, deviceName=xiaomi2s, platformName=Android, appActivity=.activity.SplashActivity, ignoreUnimportantViews=true, unicodeKeyboard=true, resetKeyboard=true, appPackage=cn.buding.martin}, locationContextEnabled=false, appPackage=cn.buding.martin, newCommandTimeout=180, platformVersion=4.4.4, databaseEnabled=false, deviceName=945fd71, platformName=Android, ignoreUnimportantViews=true, webStorageEnabled=false, unicodeKeyboard=true, resetKeyboard=true, warnings={}, takesScreenshot=true}]" type="org.openqa.selenium.NoSuchElementException">org.openqa.selenium.NoSuchElementException: An element could not be located on the page using the given search parameters. (WARNING: The server did not provide any stacktrace information)
Command duration or timeout: 60.05 seconds
For documentation on this error, please visit: http://seleniumhq.org/exceptions/no_such_element.html
Build info: version: &apos;2.44.0&apos;, revision: &apos;76d78cf&apos;, time: &apos;2014-10-23 20:02:37&apos;
System info: host: &apos;yxg-PC&apos;, ip: &apos;10.18.99.143&apos;, os.name: &apos;Windows 7&apos;, os.arch: &apos;x86&apos;, os.version: &apos;6.1&apos;, java.version: &apos;1.7.0_45&apos;
Session ID: 9ea2c462-f455-43a3-8567-5c3b3d261ea8
Driver info: io.appium.java_client.android.AndroidDriver
Capabilities [{platform=LINUX, app=D:\weiche\appiumweiche\apps\weiche\weiche381.apk, javascriptEnabled=true, appActivity=.activity.SplashActivity, browserName=Android, networkConnectionEnabled=true, desired={newCommandTimeout=180, app=D:\weiche\appiumweiche\apps\weiche\weiche381.apk, deviceName=xiaomi2s, platformName=Android, appActivity=.activity.SplashActivity, ignoreUnimportantViews=true, unicodeKeyboard=true, resetKeyboard=true, appPackage=cn.buding.martin}, locationContextEnabled=false, appPackage=cn.buding.martin, newCommandTimeout=180, platformVersion=4.4.4, databaseEnabled=false, deviceName=945fd71, platformName=Android, ignoreUnimportantViews=true, webStorageEnabled=false, unicodeKeyboard=true, resetKeyboard=true, warnings={}, takesScreenshot=true}]
	at java.lang.reflect.Constructor.newInstance(Constructor.java:526)
	at org.openqa.selenium.remote.ErrorHandler.createThrowable(ErrorHandler.java:204)
	at org.openqa.selenium.remote.ErrorHandler.throwIfResponseFailed(ErrorHandler.java:156)
	at org.openqa.selenium.remote.RemoteWebDriver.execute(RemoteWebDriver.java:599)
	at io.appium.java_client.AppiumDriver.execute(AppiumDriver.java:180)
	at org.openqa.selenium.remote.RemoteWebDriver.findElement(RemoteWebDriver.java:352)
	at org.openqa.selenium.remote.RemoteWebDriver.findElementById(RemoteWebDriver.java:393)
	at org.openqa.selenium.By$ById.findElement(By.java:214)
	at org.openqa.selenium.remote.RemoteWebDriver.findElement(RemoteWebDriver.java:344)
	at cn.buding.lib.Action.click(Unknown Source)
	at cn.buding.main.main.test084settingpageShare(Unknown Source)
</error>
  </testcase>
  <testcase classname="cn.buding.main.main" name="test085settingpageShare" time="5.864" />
  <testcase classname="cn.buding.main.main" name="test086nativeDirectJump" time="29.146" />
  <testcase classname="cn.buding.main.main" name="test087nativeDirectJump" time="8.426" />
  <testcase classname="cn.buding.main.main" name="test088nativeDirectJump" time="19.161" />
  <testcase classname="cn.buding.main.main" name="test089nativeDirectJump" time="21.604" />
  <testcase classname="cn.buding.main.main" name="test100deleteApp" time="5.398" />
  <system-out><![CDATA[**********test001**********
{ AirplaneMode: false, Wifi: true, Data: true}
**********test002**********
请登录
用户未登录页面
**********test003**********
 登陆手机账号13683116962
用户已登录
车辆信息正确
**********
用户已登录
**********test004**********
 登陆手机账号13683116962
用户已登录
车辆信息正确
**********
无新消息提示
用户已登录
无新消息提示
用户已登录
**********test005**********
06/11 星期四 北京
天气:多云转晴 温度:28℃
今日限行4/9
**********test006**********
 登陆手机账号13683116962
用户已登录
车牌号：京N2P289
首页新违章：0
首页未处理违章：0
**********test007**********
在路上未开启
**********test009**********
未处理违章：3
**********test010**********
未处理违章：3
**********test011**********
未处理违章：3
**********test012**********
**********test013**********
上海  
**********test014**********
**********test015**********
 登陆手机账号13683116962
用户已登录
车辆信息正确
**********
**********test016**********
 登陆绑定账号
用户已登录
车辆信息正确
**********
**********test019**********
微江湖
估价卖车
新车报价
微江湖
估价卖车
新车报价
true
**********test021**********
true
**********test022**********
 登陆手机账号13683116962
用户已登录
车辆信息正确
**********
**********test023**********
当前天气城市上海
城市前缀上海
**********test024**********
Version 4.2.1
**********test025**********
在路上每日通知已打开
**********test026**********
**********test027**********
 登陆手机账号13683116962
用户已登录
车辆信息正确
**********
违章地点:北京市海淀区西三旗街道其他道路起点至终点段
不按规定停车
2014-12-10 14:46
已处理
200（元/人民币）
没有扣分
1663
有纠错按钮
**********test028**********
 登陆手机账号13683116962
用户已登录
车辆信息正确
**********
**********test029**********
 登陆绑定账号
用户已登录
车辆信息正确
**********
当前是加油页面
**********test030**********
页面提示：请您先添加车辆信息哦~~
**********test031**********
 登陆手机账号13683116962
用户已登录
车辆信息正确
**********
缴费0
暂无违章0
暂不支持0
**********test032**********
 登陆绑定账号
用户已登录
车辆信息正确
**********
缴费0
暂无违章0
暂不支持0
**********test033**********
 登陆手机账号13683116962
用户已登录
车辆信息正确
**********
**********test035**********
 登陆手机账号13683116962
用户已登录
车辆信息正确
**********
**********test037**********
 登陆手机账号13683116962
用户已登录
车辆信息正确
**********
**********test038**********
 登陆手机账号13683116962
用户已登录
车辆信息正确
**********
**********test039**********
 登陆手机账号13683116962
用户已登录
车辆信息正确
**********
**********test040**********
 登陆手机账号13683116962
用户已登录
车辆信息正确
**********
**********test041**********
 登陆手机账号13683116962
用户已登录
车辆信息正确
**********
**********test042**********
 登陆手机账号13683116962
用户已登录
车辆信息正确
**********
**********test044**********
 登陆手机账号13683116962
用户已登录
车辆信息正确
**********
恭喜！您没有新的违章，请继续保持
恭喜！您没有新的违章，请继续保持
**********test045**********
 登陆手机账号13683116962
用户已登录
车辆信息正确
**********
**********test046**********
 登陆手机账号13683116962
用户已登录
车辆信息正确
**********
车辆信息正确
**********
**********test047**********
车辆信息正确
**********
车辆信息正确
**********
**********test048**********
无车辆信息
无车辆信息
**********test049**********
 登陆手机账号12633116962
用户已登录
无车辆信息
无车辆信息
**********test050**********
**********test051**********
 登陆手机账号13683116962
用户已登录
车辆信息正确
**********
编辑车辆没有闹钟
**********test052**********
**********test053**********
**********test054**********
**********test055**********
**********test056**********
**********test057**********
{ AirplaneMode: false, Wifi: true, Data: true}
**********test058**********
{ AirplaneMode: false, Wifi: true, Data: true}
**********test059**********
{ AirplaneMode: false, Wifi: true, Data: true}
**********test060**********
{ AirplaneMode: false, Wifi: true, Data: true}
**********test061**********
在路上未开启
{ AirplaneMode: false, Wifi: true, Data: true}
在路上未开启
**********test062**********
在路上未开启
在路上已开启
今日行驶：0.0km
在路上未开启
**********test062**********
**********test064**********
**********test065**********
**********test066**********
**********test067**********
**********test068**********
**********test069**********
 登陆手机账号13683116962
用户已登录
**********test070**********
分享数：47 分享
评论数：2
**********test071**********
 登陆手机账号13683116962
用户已登录
**********test072**********
**********test073**********
**********test074**********
**********test075**********
**********test076**********
**********test077**********
 登陆手机账号13683116962
用户已登录
**********test078**********
**********test079**********
**********test080**********
58 分享
**********test081**********
58 分享
**********test082**********
69 分享
**********test083**********
**********test084**********
**********test085**********
**********test086**********
 登陆绑定账号
用户已登录
**********test087**********
**********test088**********
**********test089**********
]]></system-out>
  <system-err><![CDATA[org.openqa.selenium.NoSuchElementException: An element could not be located on the page using the given search parameters. (WARNING: The server did not provide any stacktrace information)
Command duration or timeout: 11.73 seconds
For documentation on this error, please visit: http://seleniumhq.org/exceptions/no_such_element.html
Build info: version: '2.44.0', revision: '76d78cf', time: '2014-10-23 20:02:37'
System info: host: 'yxg-PC', ip: '10.18.99.143', os.name: 'Windows 7', os.arch: 'x86', os.version: '6.1', java.version: '1.7.0_45'
Session ID: 9ea2c462-f455-43a3-8567-5c3b3d261ea8
Driver info: io.appium.java_client.android.AndroidDriver
Capabilities [{platform=LINUX, app=D:\weiche\appiumweiche\apps\weiche\weiche381.apk, javascriptEnabled=true, appActivity=.activity.SplashActivity, browserName=Android, networkConnectionEnabled=true, desired={newCommandTimeout=180, app=D:\weiche\appiumweiche\apps\weiche\weiche381.apk, deviceName=xiaomi2s, platformName=Android, appActivity=.activity.SplashActivity, ignoreUnimportantViews=true, unicodeKeyboard=true, resetKeyboard=true, appPackage=cn.buding.martin}, locationContextEnabled=false, appPackage=cn.buding.martin, newCommandTimeout=180, platformVersion=4.4.4, databaseEnabled=false, deviceName=945fd71, platformName=Android, ignoreUnimportantViews=true, webStorageEnabled=false, unicodeKeyboard=true, resetKeyboard=true, warnings={}, takesScreenshot=true}]
	at sun.reflect.NativeConstructorAccessorImpl.newInstance0(Native Method)
	at sun.reflect.NativeConstructorAccessorImpl.newInstance(NativeConstructorAccessorImpl.java:57)
	at sun.reflect.DelegatingConstructorAccessorImpl.newInstance(DelegatingConstructorAccessorImpl.java:45)
	at java.lang.reflect.Constructor.newInstance(Constructor.java:526)
	at org.openqa.selenium.remote.ErrorHandler.createThrowable(ErrorHandler.java:204)
	at org.openqa.selenium.remote.ErrorHandler.throwIfResponseFailed(ErrorHandler.java:156)
	at org.openqa.selenium.remote.RemoteWebDriver.execute(RemoteWebDriver.java:599)
	at io.appium.java_client.AppiumDriver.execute(AppiumDriver.java:180)
	at org.openqa.selenium.remote.RemoteWebElement.execute(RemoteWebElement.java:268)
	at org.openqa.selenium.remote.RemoteWebElement.getText(RemoteWebElement.java:152)
	at cn.buding.pages.AddCarPage.voilationDetail(Unknown Source)
	at cn.buding.main.main.test027violationDetail(Unknown Source)
	at sun.reflect.NativeMethodAccessorImpl.invoke0(Native Method)
	at sun.reflect.NativeMethodAccessorImpl.invoke(NativeMethodAccessorImpl.java:57)
	at sun.reflect.DelegatingMethodAccessorImpl.invoke(DelegatingMethodAccessorImpl.java:43)
	at java.lang.reflect.Method.invoke(Method.java:606)
	at org.junit.runners.model.FrameworkMethod$1.runReflectiveCall(FrameworkMethod.java:47)
	at org.junit.internal.runners.model.ReflectiveCallable.run(ReflectiveCallable.java:12)
	at org.junit.runners.model.FrameworkMethod.invokeExplosively(FrameworkMethod.java:44)
	at org.junit.internal.runners.statements.InvokeMethod.evaluate(InvokeMethod.java:17)
	at org.junit.runners.ParentRunner.runLeaf(ParentRunner.java:271)
	at org.junit.runners.BlockJUnit4ClassRunner.runChild(BlockJUnit4ClassRunner.java:70)
	at org.junit.runners.BlockJUnit4ClassRunner.runChild(BlockJUnit4ClassRunner.java:50)
	at org.junit.runners.ParentRunner$3.run(ParentRunner.java:238)
	at org.junit.runners.ParentRunner$1.schedule(ParentRunner.java:63)
	at org.junit.runners.ParentRunner.runChildren(ParentRunner.java:236)
	at org.junit.runners.ParentRunner.access$000(ParentRunner.java:53)
	at org.junit.runners.ParentRunner$2.evaluate(ParentRunner.java:229)
	at org.junit.internal.runners.statements.RunBefores.evaluate(RunBefores.java:26)
	at org.junit.internal.runners.statements.RunAfters.evaluate(RunAfters.java:27)
	at org.junit.runners.ParentRunner.run(ParentRunner.java:309)
	at junit.framework.JUnit4TestAdapter.run(JUnit4TestAdapter.java:38)
	at org.apache.tools.ant.taskdefs.optional.junit.JUnitTestRunner.run(JUnitTestRunner.java:535)
	at org.apache.tools.ant.taskdefs.optional.junit.JUnitTestRunner.launch(JUnitTestRunner.java:1182)
	at org.apache.tools.ant.taskdefs.optional.junit.JUnitTestRunner.main(JUnitTestRunner.java:1033)
]]></system-err>
</testsuite>
