<?xml version="1.0" encoding="UTF-8" ?>
<testsuite errors="2" failures="0" hostname="mhcs-MacBook-Pro.local" name="cn.buding.lib.Action" tests="2" time="1.658" timestamp="2015-04-15T05:37:44">
  <properties>
[...]
</properties>
  <testcase classname="cn.buding.lib.Action" name="initializationError" time="0.001">
    <error message="Test class should have exactly one public zero-argument constructor" type="java.lang.Exception">java.lang.Exception: Test class should have exactly one public zero-argument constructor
	at java.lang.reflect.Constructor.newInstance(Constructor.java:526)
</error>
    <error message="No runnable methods" type="java.lang.Exception">java.lang.Exception: No runnable methods
	at java.lang.reflect.Constructor.newInstance(Constructor.java:526)
</error>
  </testcase>
  <system-out><![CDATA[]]></system-out>
  <system-err><![CDATA[]]></system-err>
</testsuite>
